piyo@vmpc:~$ ssh-keygen -t ed25519 -P "" -C ""
Generating public/private ed25519 key pair.
Enter file in which to save the key (/home/piyo/.ssh/id_ed25519): 
Your identification has been saved in /home/piyo/.ssh/id_ed25519
Your public key has been saved in /home/piyo/.ssh/id_ed25519.pub
The key fingerprint is:
SHA256:JZeNcirJVw+zzEBxISGJTgbIIBo1juW45ZFibkDkVKU 
The key's randomart image is:
+--[ED25519 256]--+
|B**o.o..=oo.     |
|BO o= .o o +     |
|*o*E    + X .    |
|+= ... . % =     |
|.o.   + S + .    |
|.      o         |
|                 |
|                 |
|                 |
+----[SHA256]-----+
piyo@vmpc:~$ ls -l ~/.ssh
合計 12
-rw------- 1 piyo piyo  65  7月 10 23:02 config
-rw------- 1 piyo piyo 387  7月 17 10:42 id_ed25519
-rw-r--r-- 1 piyo piyo  82  7月 17 10:42 id_ed25519.pub
piyo@vmpc:~$ 