C:\vagrant\gitlab>vagrant reload
==> centos8: Attempting graceful shutdown of VM...
==> centos8: Checking if box 'centos/8' version '1905.1' is up to date...
==> centos8: Clearing any previously set forwarded ports...
==> centos8: Clearing any previously set network interfaces...
==> centos8: Preparing network interfaces based on configuration...
    centos8: Adapter 1: nat
    centos8: Adapter 2: bridged
==> centos8: Forwarding ports...
    centos8: 22 (guest) => 2222 (host) (adapter 1)
==> centos8: Running 'pre-boot' VM customizations...
==> centos8: Booting VM...
==> centos8: Waiting for machine to boot. This may take a few minutes...
    centos8: SSH address: 127.0.0.1:2222
    centos8: SSH username: vagrant
    centos8: SSH auth method: private key
==> centos8: Machine booted and ready!
==> centos8: Checking for guest additions in VM...
    centos8: No guest additions were detected on the base box for this VM! Guest
    centos8: additions are required for forwarded ports, shared folders, host only
    centos8: networking, and more. If SSH fails on this machine, please install
    centos8: the guest additions and repackage the box to continue.
    centos8:
    centos8: This is not an error message; everything may continue to work properly,
    centos8: in which case you may ignore this message.
==> centos8: Setting hostname...
==> centos8: Configuring and enabling network interfaces...
==> centos8: Rsyncing folder: /cygdrive/c/vagrant/gitlab/ => /vagrant
==> centos8: Machine already provisioned. Run `vagrant provision` or use the `--provision`
==> centos8: flag to force provisioning. Provisioners marked to run always will still run.

C:\vagrant\gitlab>
